{"/home/x/labs/citizen-communication-templates/src/js/shared/theme.js": {"path":"/home/x/labs/citizen-communication-templates/src/js/shared/theme.js","statementMap":{"0":{"start":{"line":1,"column":29},"end":{"line":10,"column":1}},"1":{"start":{"line":11,"column":28},"end":{"line":20,"column":1}},"2":{"start":{"line":24,"column":4},"end":{"line":24,"column":65}},"3":{"start":{"line":25,"column":2},"end":{"line":25,"column":null}},"4":{"start":{"line":30,"column":21},"end":{"line":30,"column":61}},"5":{"start":{"line":31,"column":21},"end":{"line":31,"column":69}},"6":{"start":{"line":32,"column":20},"end":{"line":32,"column":67}},"7":{"start":{"line":35,"column":2},"end":{"line":35,"column":null}},"8":{"start":{"line":36,"column":2},"end":{"line":36,"column":null}},"9":{"start":{"line":39,"column":2},"end":{"line":41,"column":null}},"10":{"start":{"line":40,"column":4},"end":{"line":40,"column":null}},"11":{"start":{"line":42,"column":2},"end":{"line":44,"column":null}},"12":{"start":{"line":43,"column":4},"end":{"line":43,"column":null}},"13":{"start":{"line":46,"column":2},"end":{"line":46,"column":null}},"14":{"start":{"line":47,"column":2},"end":{"line":47,"column":null}},"15":{"start":{"line":48,"column":2},"end":{"line":48,"column":null}},"16":{"start":{"line":49,"column":2},"end":{"line":49,"column":null}},"17":{"start":{"line":54,"column":4},"end":{"line":54,"column":66}},"18":{"start":{"line":55,"column":19},"end":{"line":55,"column":62}},"19":{"start":{"line":56,"column":2},"end":{"line":56,"column":null}},"20":{"start":{"line":57,"column":2},"end":{"line":57,"column":null}},"21":{"start":{"line":58,"column":2},"end":{"line":58,"column":null}},"22":{"start":{"line":60,"column":2},"end":{"line":64,"column":null}},"23":{"start":{"line":68,"column":17},"end":{"line":68,"column":63}},"24":{"start":{"line":69,"column":2},"end":{"line":72,"column":null}},"25":{"start":{"line":70,"column":4},"end":{"line":71,"column":null}},"26":{"start":{"line":77,"column":2},"end":{"line":194,"column":null}},"27":{"start":{"line":203,"column":2},"end":{"line":224,"column":null}}},"fnMap":{"0":{"name":"validatePalette","decl":{"start":{"line":22,"column":16},"end":{"line":22,"column":31}},"loc":{"start":{"line":22,"column":47},"end":{"line":26,"column":null}},"line":22},"1":{"name":"initTheme","decl":{"start":{"line":29,"column":16},"end":{"line":29,"column":25}},"loc":{"start":{"line":29,"column":28},"end":{"line":50,"column":null}},"line":29},"2":{"name":"toggleTheme","decl":{"start":{"line":52,"column":16},"end":{"line":52,"column":27}},"loc":{"start":{"line":52,"column":30},"end":{"line":65,"column":null}},"line":52},"3":{"name":"updateThemeIndicator","decl":{"start":{"line":67,"column":16},"end":{"line":67,"column":36}},"loc":{"start":{"line":67,"column":44},"end":{"line":73,"column":null}},"line":67},"4":{"name":"getEmailDarkModeCSS","decl":{"start":{"line":76,"column":16},"end":{"line":76,"column":35}},"loc":{"start":{"line":76,"column":38},"end":{"line":195,"column":null}},"line":76},"5":{"name":"getScrollbarCSS","decl":{"start":{"line":202,"column":16},"end":{"line":202,"column":31}},"loc":{"start":{"line":202,"column":34},"end":{"line":225,"column":null}},"line":202}},"branchMap":{"0":{"loc":{"start":{"line":24,"column":4},"end":{"line":24,"column":65}},"type":"cond-expr","locations":[{"start":{"line":24,"column":23},"end":{"line":24,"column":43}},{"start":{"line":24,"column":46},"end":{"line":24,"column":65}}],"line":24},"1":{"loc":{"start":{"line":25,"column":9},"end":{"line":25,"column":57}},"type":"cond-expr","locations":[{"start":{"line":25,"column":39},"end":{"line":25,"column":46}},{"start":{"line":25,"column":49},"end":{"line":25,"column":57}}],"line":25},"2":{"loc":{"start":{"line":30,"column":21},"end":{"line":30,"column":61}},"type":"binary-expr","locations":[{"start":{"line":30,"column":21},"end":{"line":30,"column":50}},{"start":{"line":30,"column":54},"end":{"line":30,"column":61}}],"line":30},"3":{"loc":{"start":{"line":31,"column":21},"end":{"line":31,"column":69}},"type":"binary-expr","locations":[{"start":{"line":31,"column":21},"end":{"line":31,"column":57}},{"start":{"line":31,"column":61},"end":{"line":31,"column":69}}],"line":31},"4":{"loc":{"start":{"line":32,"column":20},"end":{"line":32,"column":67}},"type":"binary-expr","locations":[{"start":{"line":32,"column":20},"end":{"line":32,"column":55}},{"start":{"line":32,"column":59},"end":{"line":32,"column":67}}],"line":32},"5":{"loc":{"start":{"line":39,"column":2},"end":{"line":41,"column":null}},"type":"if","locations":[{"start":{"line":39,"column":2},"end":{"line":41,"column":null}},{"start":{},"end":{}}],"line":39},"6":{"loc":{"start":{"line":42,"column":2},"end":{"line":44,"column":null}},"type":"if","locations":[{"start":{"line":42,"column":2},"end":{"line":44,"column":null}},{"start":{},"end":{}}],"line":42},"7":{"loc":{"start":{"line":54,"column":4},"end":{"line":54,"column":66}},"type":"binary-expr","locations":[{"start":{"line":54,"column":4},"end":{"line":54,"column":55}},{"start":{"line":54,"column":59},"end":{"line":54,"column":66}}],"line":54},"8":{"loc":{"start":{"line":55,"column":19},"end":{"line":55,"column":62}},"type":"cond-expr","locations":[{"start":{"line":55,"column":46},"end":{"line":55,"column":52}},{"start":{"line":55,"column":55},"end":{"line":55,"column":62}}],"line":55},"9":{"loc":{"start":{"line":69,"column":2},"end":{"line":72,"column":null}},"type":"if","locations":[{"start":{"line":69,"column":2},"end":{"line":72,"column":null}},{"start":{},"end":{}}],"line":69},"10":{"loc":{"start":{"line":71,"column":6},"end":{"line":71,"column":61}},"type":"cond-expr","locations":[{"start":{"line":71,"column":25},"end":{"line":71,"column":43}},{"start":{"line":71,"column":46},"end":{"line":71,"column":61}}],"line":71}},"s":{"0":1,"1":1,"2":38,"3":38,"4":6,"5":6,"6":6,"7":6,"8":6,"9":6,"10":4,"11":6,"12":4,"13":6,"14":6,"15":6,"16":6,"17":4,"18":4,"19":4,"20":4,"21":4,"22":4,"23":13,"24":13,"25":4,"26":4,"27":4},"f":{"0":38,"1":6,"2":4,"3":13,"4":4,"5":4},"b":{"0":[19,19],"1":[26,12],"2":[6,1],"3":[6,3],"4":[6,3],"5":[4,2],"6":[4,2],"7":[4,0],"8":[3,1],"9":[4,9],"10":[3,1]},"meta":{"lastBranch":11,"lastFunction":6,"lastStatement":28,"seen":{"s:1:29:10:1":0,"s:11:28:20:1":1,"f:22:16:22:31":0,"s:24:4:24:65":2,"b:24:23:24:43:24:46:24:65":0,"s:25:2:25:Infinity":3,"b:25:39:25:46:25:49:25:57":1,"f:29:16:29:25":1,"s:30:21:30:61":4,"b:30:21:30:50:30:54:30:61":2,"s:31:21:31:69":5,"b:31:21:31:57:31:61:31:69":3,"s:32:20:32:67":6,"b:32:20:32:55:32:59:32:67":4,"s:35:2:35:Infinity":7,"s:36:2:36:Infinity":8,"b:39:2:41:Infinity:undefined:undefined:undefined:undefined":5,"s:39:2:41:Infinity":9,"s:40:4:40:Infinity":10,"b:42:2:44:Infinity:undefined:undefined:undefined:undefined":6,"s:42:2:44:Infinity":11,"s:43:4:43:Infinity":12,"s:46:2:46:Infinity":13,"s:47:2:47:Infinity":14,"s:48:2:48:Infinity":15,"s:49:2:49:Infinity":16,"f:52:16:52:27":2,"s:54:4:54:66":17,"b:54:4:54:55:54:59:54:66":7,"s:55:19:55:62":18,"b:55:46:55:52:55:55:55:62":8,"s:56:2:56:Infinity":19,"s:57:2:57:Infinity":20,"s:58:2:58:Infinity":21,"s:60:2:64:Infinity":22,"f:67:16:67:36":3,"s:68:17:68:63":23,"b:69:2:72:Infinity:undefined:undefined:undefined:undefined":9,"s:69:2:72:Infinity":24,"s:70:4:71:Infinity":25,"b:71:25:71:43:71:46:71:61":10,"f:76:16:76:35":4,"s:77:2:194:Infinity":26,"f:202:16:202:31":5,"s:203:2:224:Infinity":27}}}
}
